# JRE version: OpenJDK Runtime Environment Temurin-17.0.9+9 (17.0.9+9) (build 17.0.9+9)
# Java VM: OpenJDK 64-Bit Server VM Temurin-17.0.9+9 (17.0.9+9, mixed mode, sharing, tiered, compressed oops, compressed class ptrs, g1 gc, windows-amd64)
GC Precious Log:
 CPUs: 2 total, 2 available
 Memory: 7055M
 Large Page Support: Disabled
 NUMA Support: Disabled
 Compressed Oops: Enabled (32-bit)
 Heap Region Size: 1M
 Heap Min Capacity: 8M
 Heap Initial Capacity: 112M
 Heap Max Capacity: 1764M
 Pre-touch: Disabled
 Parallel Workers: 2
 Concurrent Workers: 1
 Concurrent Refinement Workers: 2
 Periodic GC: Disabled
Heap:
 garbage-first heap   total 17408K, used 6462K [0x0000000091c00000, 0x0000000100000000)
  region size 1024K, 2 young (2048K), 1 survivors (1024K)
 Metaspace       used 14113K, committed 14272K, reserved 1114112K
  class space    used 1524K, committed 1600K, reserved 1048576K
GC Heap History (12 events):
Event: 1.139 GC heap before
{Heap before GC invocations=0 (full 0):
 garbage-first heap   total 114688K, used 6144K [0x0000000091c00000, 0x0000000100000000)
  region size 1024K, 6 young (6144K), 0 survivors (0K)
 Metaspace       used 4764K, committed 4864K, reserved 1114112K
  class space    used 476K, committed 512K, reserved 1048576K
}
Event: 1.148 GC heap after
{Heap after GC invocations=1 (full 0):
 garbage-first heap   total 114688K, used 1808K [0x0000000091c00000, 0x0000000100000000)
  region size 1024K, 1 young (1024K), 1 survivors (1024K)
 Metaspace       used 4764K, committed 4864K, reserved 1114112K
  class space    used 476K, committed 512K, reserved 1048576K
}
Event: 3.386 GC heap before
{Heap before GC invocations=1 (full 0):
 garbage-first heap   total 114688K, used 7952K [0x0000000091c00000, 0x0000000100000000)
  region size 1024K, 5 young (5120K), 1 survivors (1024K)
 Metaspace       used 10655K, committed 10880K, reserved 1114112K
  class space    used 1261K, committed 1408K, reserved 1048576K
}
Event: 3.398 GC heap after
{Heap after GC invocations=2 (full 0):
 garbage-first heap   total 114688K, used 4872K [0x0000000091c00000, 0x0000000100000000)
  region size 1024K, 1 young (1024K), 1 survivors (1024K)
 Metaspace       used 10655K, committed 10880K, reserved 1114112K
  class space    used 1261K, committed 1408K, reserved 1048576K
}
Event: 3.453 GC heap before
{Heap before GC invocations=2 (full 0):
 garbage-first heap   total 114688K, used 4872K [0x0000000091c00000, 0x0000000100000000)
  region size 1024K, 2 young (2048K), 1 survivors (1024K)
 Metaspace       used 10823K, committed 11008K, reserved 1114112K
  class space    used 1288K, committed 1408K, reserved 1048576K
}
Event: 3.471 GC heap after
{Heap after GC invocations=3 (full 1):
 garbage-first heap   total 17408K, used 4939K [0x0000000091c00000, 0x0000000100000000)
  region size 1024K, 0 young (0K), 0 survivors (0K)
 Metaspace       used 10823K, committed 11008K, reserved 1114112K
  class space    used 1288K, committed 1408K, reserved 1048576K
}
Event: 3.474 GC heap before
{Heap before GC invocations=3 (full 1):
 garbage-first heap   total 17408K, used 4939K [0x0000000091c00000, 0x0000000100000000)
  region size 1024K, 1 young (1024K), 0 survivors (0K)
 Metaspace       used 10823K, committed 11008K, reserved 1114112K
  class space    used 1288K, committed 1408K, reserved 1048576K
}
Event: 3.493 GC heap after
{Heap after GC invocations=4 (full 2):
 garbage-first heap   total 17408K, used 4938K [0x0000000091c00000, 0x0000000100000000)
  region size 1024K, 0 young (0K), 0 survivors (0K)
 Metaspace       used 10823K, committed 11008K, reserved 1114112K
  class space    used 1288K, committed 1408K, reserved 1048576K
}
Event: 4.332 GC heap before
{Heap before GC invocations=4 (full 2):
 garbage-first heap   total 17408K, used 8010K [0x0000000091c00000, 0x0000000100000000)
  region size 1024K, 4 young (4096K), 0 survivors (0K)
 Metaspace       used 12379K, committed 12672K, reserved 1114112K
  class space    used 1384K, committed 1536K, reserved 1048576K
}
Event: 4.335 GC heap after
{Heap after GC invocations=5 (full 2):
 garbage-first heap   total 17408K, used 5962K [0x0000000091c00000, 0x0000000100000000)
  region size 1024K, 1 young (1024K), 1 survivors (1024K)
 Metaspace       used 12379K, committed 12672K, reserved 1114112K
  class space    used 1384K, committed 1536K, reserved 1048576K
}
Event: 4.641 GC heap before
{Heap before GC invocations=5 (full 2):
 garbage-first heap   total 17408K, used 9034K [0x0000000091c00000, 0x0000000100000000)
  region size 1024K, 5 young (5120K), 1 survivors (1024K)
 Metaspace       used 13876K, committed 14080K, reserved 1114112K
  class space    used 1502K, committed 1600K, reserved 1048576K
}
Event: 4.648 GC heap after
{Heap after GC invocations=6 (full 2):
 garbage-first heap   total 17408K, used 6462K [0x0000000091c00000, 0x0000000100000000)
  region size 1024K, 1 young (1024K), 1 survivors (1024K)
 Metaspace       used 13876K, committed 14080K, reserved 1114112K
  class space    used 1502K, committed 1600K, reserved 1048576K
}

